2025-04-08 18:32:17.013682 - Received CBT.V508.FILE1003.PDS from FILE1003.XMI 
2025-04-08 18:32:17.016196 - Found $$$#DATE.txt (text/plain) in CBT.V508.FILE1003.PDS, moved to PDS/$$$#DATE
2025-04-08 18:32:17.016805 - Found $$NOTICE.txt (text/plain) in CBT.V508.FILE1003.PDS, moved to PDS/$$NOTICE
2025-04-08 18:32:17.017383 - Found $PDSLOAD.jcl (text/plain) in CBT.V508.FILE1003.PDS, moved to PDS/$PDSLOAD
2025-04-08 18:32:17.018022 - Found @FIL1003.txt (text/plain) in CBT.V508.FILE1003.PDS, moved to PDS/@FIL1003
2025-04-08 18:32:17.018732 - Found BTXCSCAN.txt (text/plain) in CBT.V508.FILE1003.PDS, moved to PDS/BTXCSCAN
2025-04-08 18:32:17.019404 - Found CLOPS.txt (text/plain) in CBT.V508.FILE1003.PDS, moved to PDS/CLOPS
2025-04-08 18:32:17.020045 - Found CLOPS$.jcl (text/plain) in CBT.V508.FILE1003.PDS, moved to PDS/CLOPS$
2025-04-08 18:32:17.020648 - Found CTFUW.txt (text/plain) in CBT.V508.FILE1003.PDS, moved to PDS/CTFUW
2025-04-08 18:32:17.021279 - Found CTFUW$.jcl (text/plain) in CBT.V508.FILE1003.PDS, moved to PDS/CTFUW$
2025-04-08 18:32:17.022047 - Found CTFUWJ1.jcl (text/plain) in CBT.V508.FILE1003.PDS, moved to PDS/CTFUWJ1
2025-04-08 18:32:17.022641 - Found CTFUWJ2.jcl (text/plain) in CBT.V508.FILE1003.PDS, moved to PDS/CTFUWJ2
2025-04-08 18:32:17.023454 - Found GMDMAC.txt (text/plain) in CBT.V508.FILE1003.PDS, moved to PDS/GMDMAC
2025-04-08 18:32:17.024098 - Found PDSCLR.txt (text/plain) in CBT.V508.FILE1003.PDS, moved to PDS/PDSCLR
2025-04-08 18:32:17.024667 - Found PDSCLR$.jcl (text/plain) in CBT.V508.FILE1003.PDS, moved to PDS/PDSCLR$
2025-04-08 18:32:17.025301 - Found PDSCLRJ1.jcl (text/plain) in CBT.V508.FILE1003.PDS, moved to PDS/PDSCLRJ1
2025-04-08 18:32:17.025835 - Found PDSLOAD.xmi (application/xmit) in CBT.V508.FILE1003.PDS, moved to PDS/PDSLOAD.xmi
2025-04-08 18:32:17.034218 - Received SBGOLOB.LOAD from PDSLOAD.xmi 
2025-04-08 18:32:17.035228 - Found PDSLOAD.bin (application/octet-stream) in SBGOLOB.LOAD, moved to PDSLOAD/PDSLOAD
2025-04-08 18:32:17.035535 - Found alias PDSLOADW to PDSLOAD in SBGOLOB.LOAD, moved to PDS/PDSLOADW
2025-04-08 18:32:17.036346 - Found TAPESKI$.jcl (text/plain) in CBT.V508.FILE1003.PDS, moved to PDS/TAPESKI$
2025-04-08 18:32:17.037086 - Found TAPESKIM.txt (text/plain) in CBT.V508.FILE1003.PDS, moved to PDS/TAPESKIM
2025-04-08 18:32:17.037742 - Found TAPESKJ1.jcl (text/plain) in CBT.V508.FILE1003.PDS, moved to PDS/TAPESKJ1
